<?xml version="1.0" encoding="UTF-8"?>
<testsuite xmlns:xsi="http://www.w3.org/2001/XMLSchema-instance" xsi:noNamespaceSchemaLocation="https://maven.apache.org/surefire/maven-surefire-plugin/xsd/surefire-test-report.xsd" name="com.example.demo.IntegrationTests" time="20.191" tests="4" errors="0" skipped="1" failures="1">
  <properties>
[...]
</properties>
  <testcase name="testSave" classname="com.example.demo.IntegrationTests" time="9.449"/>
  <testcase name="testSaveWithAuth" classname="com.example.demo.IntegrationTests" time="1.619">
    <failure message="1 expectation failed.&#10;Expected status code &lt;201&gt; but was &lt;403&gt;.&#10;" type="java.lang.AssertionError"><![CDATA[java.lang.AssertionError: 
1 expectation failed.
Expected status code <201> but was <403>.

	at com.example.demo.IntegrationTests.testSaveWithAuth(IntegrationTests.java:92)
]]></failure>
    <system-out><![CDATA[2020-04-07 15:19:54.796 DEBUG 888 --- [o-auto-1-exec-4] o.s.security.web.FilterChainProxy        : /auth/signin at position 1 of 11 in additional filter chain; firing Filter: 'WebAsyncManagerIntegrationFilter'
2020-04-07 15:19:54.796 DEBUG 888 --- [o-auto-1-exec-4] o.s.security.web.FilterChainProxy        : /auth/signin at position 2 of 11 in additional filter chain; firing Filter: 'SecurityContextPersistenceFilter'
2020-04-07 15:19:54.796 DEBUG 888 --- [o-auto-1-exec-4] o.s.security.web.FilterChainProxy        : /auth/signin at position 3 of 11 in additional filter chain; firing Filter: 'HeaderWriterFilter'
2020-04-07 15:19:54.797 DEBUG 888 --- [o-auto-1-exec-4] o.s.security.web.FilterChainProxy        : /auth/signin at position 4 of 11 in additional filter chain; firing Filter: 'LogoutFilter'
2020-04-07 15:19:54.797 DEBUG 888 --- [o-auto-1-exec-4] o.s.s.web.util.matcher.OrRequestMatcher  : Trying to match using Ant [pattern='/auth/logout', GET]
2020-04-07 15:19:54.797 DEBUG 888 --- [o-auto-1-exec-4] o.s.s.w.u.matcher.AntPathRequestMatcher  : Request 'POST /auth/signin' doesn't match 'GET /auth/logout'
2020-04-07 15:19:54.797 DEBUG 888 --- [o-auto-1-exec-4] o.s.s.web.util.matcher.OrRequestMatcher  : Trying to match using Ant [pattern='/auth/logout', POST]
2020-04-07 15:19:54.797 DEBUG 888 --- [o-auto-1-exec-4] o.s.s.w.u.matcher.AntPathRequestMatcher  : Checking match of request : '/auth/signin'; against '/auth/logout'
2020-04-07 15:19:54.798 DEBUG 888 --- [o-auto-1-exec-4] o.s.s.web.util.matcher.OrRequestMatcher  : Trying to match using Ant [pattern='/auth/logout', PUT]
2020-04-07 15:19:54.798 DEBUG 888 --- [o-auto-1-exec-4] o.s.s.w.u.matcher.AntPathRequestMatcher  : Request 'POST /auth/signin' doesn't match 'PUT /auth/logout'
2020-04-07 15:19:54.798 DEBUG 888 --- [o-auto-1-exec-4] o.s.s.web.util.matcher.OrRequestMatcher  : Trying to match using Ant [pattern='/auth/logout', DELETE]
2020-04-07 15:19:54.798 DEBUG 888 --- [o-auto-1-exec-4] o.s.s.w.u.matcher.AntPathRequestMatcher  : Request 'POST /auth/signin' doesn't match 'DELETE /auth/logout'
2020-04-07 15:19:54.798 DEBUG 888 --- [o-auto-1-exec-4] o.s.s.web.util.matcher.OrRequestMatcher  : No matches found
2020-04-07 15:19:54.798 DEBUG 888 --- [o-auto-1-exec-4] o.s.security.web.FilterChainProxy        : /auth/signin at position 5 of 11 in additional filter chain; firing Filter: 'JwtTokenAuthenticationFilter'
2020-04-07 15:19:54.799 DEBUG 888 --- [o-auto-1-exec-4] o.s.security.web.FilterChainProxy        : /auth/signin at position 6 of 11 in additional filter chain; firing Filter: 'RequestCacheAwareFilter'
2020-04-07 15:19:54.799 DEBUG 888 --- [o-auto-1-exec-4] o.s.security.web.FilterChainProxy        : /auth/signin at position 7 of 11 in additional filter chain; firing Filter: 'SecurityContextHolderAwareRequestFilter'
2020-04-07 15:19:54.799 DEBUG 888 --- [o-auto-1-exec-4] o.s.security.web.FilterChainProxy        : /auth/signin at position 8 of 11 in additional filter chain; firing Filter: 'AnonymousAuthenticationFilter'
2020-04-07 15:19:54.799 DEBUG 888 --- [o-auto-1-exec-4] o.s.s.w.a.AnonymousAuthenticationFilter  : Populated SecurityContextHolder with anonymous token: 'org.springframework.security.authentication.AnonymousAuthenticationToken@c58a63dd: Principal: anonymousUser; Credentials: [PROTECTED]; Authenticated: true; Details: org.springframework.security.web.authentication.WebAuthenticationDetails@957e: RemoteIpAddress: 127.0.0.1; SessionId: null; Granted Authorities: ROLE_ANONYMOUS'
2020-04-07 15:19:54.799 DEBUG 888 --- [o-auto-1-exec-4] o.s.security.web.FilterChainProxy        : /auth/signin at position 9 of 11 in additional filter chain; firing Filter: 'SessionManagementFilter'
2020-04-07 15:19:54.800 DEBUG 888 --- [o-auto-1-exec-4] o.s.security.web.FilterChainProxy        : /auth/signin at position 10 of 11 in additional filter chain; firing Filter: 'ExceptionTranslationFilter'
2020-04-07 15:19:54.800 DEBUG 888 --- [o-auto-1-exec-4] o.s.security.web.FilterChainProxy        : /auth/signin at position 11 of 11 in additional filter chain; firing Filter: 'FilterSecurityInterceptor'
2020-04-07 15:19:54.800 DEBUG 888 --- [o-auto-1-exec-4] o.s.s.w.u.matcher.AntPathRequestMatcher  : Checking match of request : '/auth/signin'; against '/auth/signin'
2020-04-07 15:19:54.801 DEBUG 888 --- [o-auto-1-exec-4] o.s.s.w.a.i.FilterSecurityInterceptor    : Secure object: FilterInvocation: URL: /auth/signin; Attributes: [permitAll]
2020-04-07 15:19:54.801 DEBUG 888 --- [o-auto-1-exec-4] o.s.s.w.a.i.FilterSecurityInterceptor    : Previously Authenticated: org.springframework.security.authentication.AnonymousAuthenticationToken@c58a63dd: Principal: anonymousUser; Credentials: [PROTECTED]; Authenticated: true; Details: org.springframework.security.web.authentication.WebAuthenticationDetails@957e: RemoteIpAddress: 127.0.0.1; SessionId: null; Granted Authorities: ROLE_ANONYMOUS
2020-04-07 15:19:54.802 DEBUG 888 --- [o-auto-1-exec-4] o.s.s.access.vote.AffirmativeBased       : Voter: org.springframework.security.web.access.expression.WebExpressionVoter@c42994c, returned: 1
2020-04-07 15:19:54.802 DEBUG 888 --- [o-auto-1-exec-4] o.s.s.w.a.i.FilterSecurityInterceptor    : Authorization successful
2020-04-07 15:19:54.802 DEBUG 888 --- [o-auto-1-exec-4] o.s.s.w.a.i.FilterSecurityInterceptor    : RunAsManager did not change Authentication object
2020-04-07 15:19:54.803 DEBUG 888 --- [o-auto-1-exec-4] o.s.security.web.FilterChainProxy        : /auth/signin reached end of additional filter chain; proceeding with original chain
2020-04-07 15:19:54.804 DEBUG 888 --- [o-auto-1-exec-4] o.s.s.authentication.ProviderManager     : Authentication attempt using org.springframework.security.authentication.dao.DaoAuthenticationProvider
Hibernate: select user0_.id as id1_1_, user0_.password as password2_1_, user0_.username as username3_1_ from users user0_ where user0_.username=?
Hibernate: select roles0_.user_id as user_id1_0_0_, roles0_.roles as roles2_0_0_ from user_roles roles0_ where roles0_.user_id=?
Hibernate: select user0_.id as id1_1_, user0_.password as password2_1_, user0_.username as username3_1_ from users user0_ where user0_.username=?
Hibernate: select roles0_.user_id as user_id1_0_0_, roles0_.roles as roles2_0_0_ from user_roles roles0_ where roles0_.user_id=?
2020-04-07 15:19:54.980 DEBUG 888 --- [o-auto-1-exec-4] o.s.s.w.header.writers.HstsHeaderWriter  : Not injecting HSTS header since it did not match the requestMatcher org.springframework.security.web.header.writers.HstsHeaderWriter$SecureRequestMatcher@9668350
2020-04-07 15:19:54.992 DEBUG 888 --- [o-auto-1-exec-4] o.s.s.w.a.ExceptionTranslationFilter     : Chain processed normally
2020-04-07 15:19:54.992 DEBUG 888 --- [o-auto-1-exec-4] s.s.w.c.SecurityContextPersistenceFilter : SecurityContextHolder now cleared, as request processing completed
2020-04-07 15:19:55.009 DEBUG 888 --- [           main] com.example.demo.IntegrationTests        : Got token:eyJhbGciOiJIUzI1NiJ9.eyJzdWIiOiJ1c2VyIiwicm9sZXMiOlsiUk9MRV9VU0VSIl0sImlhdCI6MTU4NjI2NTU5NCwiZXhwIjoxNTg2MjY5MTk0fQ.f-WYedWZc_QkgNC0_fSKDbp7m5Hi9Fubg_vMEabjdrg
2020-04-07 15:19:55.037 DEBUG 888 --- [o-auto-1-exec-5] o.s.security.web.FilterChainProxy        : /v1/vehicles at position 1 of 11 in additional filter chain; firing Filter: 'WebAsyncManagerIntegrationFilter'
2020-04-07 15:19:55.038 DEBUG 888 --- [o-auto-1-exec-5] o.s.security.web.FilterChainProxy        : /v1/vehicles at position 2 of 11 in additional filter chain; firing Filter: 'SecurityContextPersistenceFilter'
2020-04-07 15:19:55.038 DEBUG 888 --- [o-auto-1-exec-5] o.s.security.web.FilterChainProxy        : /v1/vehicles at position 3 of 11 in additional filter chain; firing Filter: 'HeaderWriterFilter'
2020-04-07 15:19:55.038 DEBUG 888 --- [o-auto-1-exec-5] o.s.security.web.FilterChainProxy        : /v1/vehicles at position 4 of 11 in additional filter chain; firing Filter: 'LogoutFilter'
2020-04-07 15:19:55.038 DEBUG 888 --- [o-auto-1-exec-5] o.s.s.web.util.matcher.OrRequestMatcher  : Trying to match using Ant [pattern='/auth/logout', GET]
2020-04-07 15:19:55.038 DEBUG 888 --- [o-auto-1-exec-5] o.s.s.w.u.matcher.AntPathRequestMatcher  : Request 'POST /v1/vehicles' doesn't match 'GET /auth/logout'
2020-04-07 15:19:55.038 DEBUG 888 --- [o-auto-1-exec-5] o.s.s.web.util.matcher.OrRequestMatcher  : Trying to match using Ant [pattern='/auth/logout', POST]
2020-04-07 15:19:55.038 DEBUG 888 --- [o-auto-1-exec-5] o.s.s.w.u.matcher.AntPathRequestMatcher  : Checking match of request : '/v1/vehicles'; against '/auth/logout'
2020-04-07 15:19:55.039 DEBUG 888 --- [o-auto-1-exec-5] o.s.s.web.util.matcher.OrRequestMatcher  : Trying to match using Ant [pattern='/auth/logout', PUT]
2020-04-07 15:19:55.039 DEBUG 888 --- [o-auto-1-exec-5] o.s.s.w.u.matcher.AntPathRequestMatcher  : Request 'POST /v1/vehicles' doesn't match 'PUT /auth/logout'
2020-04-07 15:19:55.039 DEBUG 888 --- [o-auto-1-exec-5] o.s.s.web.util.matcher.OrRequestMatcher  : Trying to match using Ant [pattern='/auth/logout', DELETE]
2020-04-07 15:19:55.039 DEBUG 888 --- [o-auto-1-exec-5] o.s.s.w.u.matcher.AntPathRequestMatcher  : Request 'POST /v1/vehicles' doesn't match 'DELETE /auth/logout'
2020-04-07 15:19:55.039 DEBUG 888 --- [o-auto-1-exec-5] o.s.s.web.util.matcher.OrRequestMatcher  : No matches found
2020-04-07 15:19:55.039 DEBUG 888 --- [o-auto-1-exec-5] o.s.security.web.FilterChainProxy        : /v1/vehicles at position 5 of 11 in additional filter chain; firing Filter: 'JwtTokenAuthenticationFilter'
2020-04-07 15:19:55.039 DEBUG 888 --- [o-auto-1-exec-5] o.s.security.web.FilterChainProxy        : /v1/vehicles at position 6 of 11 in additional filter chain; firing Filter: 'RequestCacheAwareFilter'
2020-04-07 15:19:55.039 DEBUG 888 --- [o-auto-1-exec-5] o.s.security.web.FilterChainProxy        : /v1/vehicles at position 7 of 11 in additional filter chain; firing Filter: 'SecurityContextHolderAwareRequestFilter'
2020-04-07 15:19:55.040 DEBUG 888 --- [o-auto-1-exec-5] o.s.security.web.FilterChainProxy        : /v1/vehicles at position 8 of 11 in additional filter chain; firing Filter: 'AnonymousAuthenticationFilter'
2020-04-07 15:19:55.040 DEBUG 888 --- [o-auto-1-exec-5] o.s.s.w.a.AnonymousAuthenticationFilter  : Populated SecurityContextHolder with anonymous token: 'org.springframework.security.authentication.AnonymousAuthenticationToken@c58a63dd: Principal: anonymousUser; Credentials: [PROTECTED]; Authenticated: true; Details: org.springframework.security.web.authentication.WebAuthenticationDetails@957e: RemoteIpAddress: 127.0.0.1; SessionId: null; Granted Authorities: ROLE_ANONYMOUS'
2020-04-07 15:19:55.040 DEBUG 888 --- [o-auto-1-exec-5] o.s.security.web.FilterChainProxy        : /v1/vehicles at position 9 of 11 in additional filter chain; firing Filter: 'SessionManagementFilter'
2020-04-07 15:19:55.041 DEBUG 888 --- [o-auto-1-exec-5] o.s.security.web.FilterChainProxy        : /v1/vehicles at position 10 of 11 in additional filter chain; firing Filter: 'ExceptionTranslationFilter'
2020-04-07 15:19:55.041 DEBUG 888 --- [o-auto-1-exec-5] o.s.security.web.FilterChainProxy        : /v1/vehicles at position 11 of 11 in additional filter chain; firing Filter: 'FilterSecurityInterceptor'
2020-04-07 15:19:55.041 DEBUG 888 --- [o-auto-1-exec-5] o.s.s.w.u.matcher.AntPathRequestMatcher  : Checking match of request : '/v1/vehicles'; against '/auth/signin'
2020-04-07 15:19:55.041 DEBUG 888 --- [o-auto-1-exec-5] o.s.s.w.u.matcher.AntPathRequestMatcher  : Request 'POST /v1/vehicles' doesn't match 'GET /vehicles/**'
2020-04-07 15:19:55.042 DEBUG 888 --- [o-auto-1-exec-5] o.s.s.w.u.matcher.AntPathRequestMatcher  : Request 'POST /v1/vehicles' doesn't match 'DELETE /vehicles/**'
2020-04-07 15:19:55.042 DEBUG 888 --- [o-auto-1-exec-5] o.s.s.w.u.matcher.AntPathRequestMatcher  : Request 'POST /v1/vehicles' doesn't match 'GET /v1/vehicles/**'
2020-04-07 15:19:55.042 DEBUG 888 --- [o-auto-1-exec-5] o.s.s.w.a.i.FilterSecurityInterceptor    : Secure object: FilterInvocation: URL: /v1/vehicles; Attributes: [authenticated]
2020-04-07 15:19:55.042 DEBUG 888 --- [o-auto-1-exec-5] o.s.s.w.a.i.FilterSecurityInterceptor    : Previously Authenticated: org.springframework.security.authentication.AnonymousAuthenticationToken@c58a63dd: Principal: anonymousUser; Credentials: [PROTECTED]; Authenticated: true; Details: org.springframework.security.web.authentication.WebAuthenticationDetails@957e: RemoteIpAddress: 127.0.0.1; SessionId: null; Granted Authorities: ROLE_ANONYMOUS
2020-04-07 15:19:55.043 DEBUG 888 --- [o-auto-1-exec-5] o.s.s.access.vote.AffirmativeBased       : Voter: org.springframework.security.web.access.expression.WebExpressionVoter@c42994c, returned: -1
2020-04-07 15:19:55.045 DEBUG 888 --- [o-auto-1-exec-5] o.s.s.w.a.ExceptionTranslationFilter     : Access is denied (user is anonymous); redirecting to authentication entry point

org.springframework.security.access.AccessDeniedException: Access is denied
	at org.springframework.security.access.vote.AffirmativeBased.decide(AffirmativeBased.java:84) ~[spring-security-core-5.1.5.RELEASE.jar:5.1.5.RELEASE]
	at org.springframework.security.access.intercept.AbstractSecurityInterceptor.beforeInvocation(AbstractSecurityInterceptor.java:233) ~[spring-security-core-5.1.5.RELEASE.jar:5.1.5.RELEASE]
	at org.springframework.security.web.access.intercept.FilterSecurityInterceptor.invoke(FilterSecurityInterceptor.java:124) ~[spring-security-web-5.1.5.RELEASE.jar:5.1.5.RELEASE]
	at org.springframework.security.web.access.intercept.FilterSecurityInterceptor.doFilter(FilterSecurityInterceptor.java:91) ~[spring-security-web-5.1.5.RELEASE.jar:5.1.5.RELEASE]
	at org.springframework.security.web.FilterChainProxy$VirtualFilterChain.doFilter(FilterChainProxy.java:334) [spring-security-web-5.1.5.RELEASE.jar:5.1.5.RELEASE]
	at org.springframework.security.web.access.ExceptionTranslationFilter.doFilter(ExceptionTranslationFilter.java:119) ~[spring-security-web-5.1.5.RELEASE.jar:5.1.5.RELEASE]
	at org.springframework.security.web.FilterChainProxy$VirtualFilterChain.doFilter(FilterChainProxy.java:334) [spring-security-web-5.1.5.RELEASE.jar:5.1.5.RELEASE]
	at org.springframework.security.web.session.SessionManagementFilter.doFilter(SessionManagementFilter.java:137) [spring-security-web-5.1.5.RELEASE.jar:5.1.5.RELEASE]
	at org.springframework.security.web.FilterChainProxy$VirtualFilterChain.doFilter(FilterChainProxy.java:334) [spring-security-web-5.1.5.RELEASE.jar:5.1.5.RELEASE]
	at org.springframework.security.web.authentication.AnonymousAuthenticationFilter.doFilter(AnonymousAuthenticationFilter.java:111) [spring-security-web-5.1.5.RELEASE.jar:5.1.5.RELEASE]
	at org.springframework.security.web.FilterChainProxy$VirtualFilterChain.doFilter(FilterChainProxy.java:334) [spring-security-web-5.1.5.RELEASE.jar:5.1.5.RELEASE]
	at org.springframework.security.web.servletapi.SecurityContextHolderAwareRequestFilter.doFilter(SecurityContextHolderAwareRequestFilter.java:170) [spring-security-web-5.1.5.RELEASE.jar:5.1.5.RELEASE]
	at org.springframework.security.web.FilterChainProxy$VirtualFilterChain.doFilter(FilterChainProxy.java:334) [spring-security-web-5.1.5.RELEASE.jar:5.1.5.RELEASE]
	at org.springframework.security.web.savedrequest.RequestCacheAwareFilter.doFilter(RequestCacheAwareFilter.java:63) [spring-security-web-5.1.5.RELEASE.jar:5.1.5.RELEASE]
	at org.springframework.security.web.FilterChainProxy$VirtualFilterChain.doFilter(FilterChainProxy.java:334) [spring-security-web-5.1.5.RELEASE.jar:5.1.5.RELEASE]
	at com.example.demo.security.jwt.JwtTokenAuthenticationFilter.doFilter(JwtTokenAuthenticationFilter.java:41) [classes/:na]
	at org.springframework.security.web.FilterChainProxy$VirtualFilterChain.doFilter(FilterChainProxy.java:334) [spring-security-web-5.1.5.RELEASE.jar:5.1.5.RELEASE]
	at org.springframework.security.web.authentication.logout.LogoutFilter.doFilter(LogoutFilter.java:116) [spring-security-web-5.1.5.RELEASE.jar:5.1.5.RELEASE]
	at org.springframework.security.web.FilterChainProxy$VirtualFilterChain.doFilter(FilterChainProxy.java:334) [spring-security-web-5.1.5.RELEASE.jar:5.1.5.RELEASE]
	at org.springframework.security.web.header.HeaderWriterFilter.doFilterInternal(HeaderWriterFilter.java:74) [spring-security-web-5.1.5.RELEASE.jar:5.1.5.RELEASE]
	at org.springframework.web.filter.OncePerRequestFilter.doFilter(OncePerRequestFilter.java:109) [spring-web-5.1.8.RELEASE.jar:5.1.8.RELEASE]
	at org.springframework.security.web.FilterChainProxy$VirtualFilterChain.doFilter(FilterChainProxy.java:334) [spring-security-web-5.1.5.RELEASE.jar:5.1.5.RELEASE]
	at org.springframework.security.web.context.SecurityContextPersistenceFilter.doFilter(SecurityContextPersistenceFilter.java:105) [spring-security-web-5.1.5.RELEASE.jar:5.1.5.RELEASE]
	at org.springframework.security.web.FilterChainProxy$VirtualFilterChain.doFilter(FilterChainProxy.java:334) [spring-security-web-5.1.5.RELEASE.jar:5.1.5.RELEASE]
	at org.springframework.security.web.context.request.async.WebAsyncManagerIntegrationFilter.doFilterInternal(WebAsyncManagerIntegrationFilter.java:56) [spring-security-web-5.1.5.RELEASE.jar:5.1.5.RELEASE]
	at org.springframework.web.filter.OncePerRequestFilter.doFilter(OncePerRequestFilter.java:109) [spring-web-5.1.8.RELEASE.jar:5.1.8.RELEASE]
	at org.springframework.security.web.FilterChainProxy$VirtualFilterChain.doFilter(FilterChainProxy.java:334) [spring-security-web-5.1.5.RELEASE.jar:5.1.5.RELEASE]
	at org.springframework.security.web.FilterChainProxy.doFilterInternal(FilterChainProxy.java:215) [spring-security-web-5.1.5.RELEASE.jar:5.1.5.RELEASE]
	at org.springframework.security.web.FilterChainProxy.doFilter(FilterChainProxy.java:178) [spring-security-web-5.1.5.RELEASE.jar:5.1.5.RELEASE]
	at org.springframework.web.filter.DelegatingFilterProxy.invokeDelegate(DelegatingFilterProxy.java:357) [spring-web-5.1.8.RELEASE.jar:5.1.8.RELEASE]
	at org.springframework.web.filter.DelegatingFilterProxy.doFilter(DelegatingFilterProxy.java:270) [spring-web-5.1.8.RELEASE.jar:5.1.8.RELEASE]
	at org.apache.catalina.core.ApplicationFilterChain.internalDoFilter(ApplicationFilterChain.java:193) [tomcat-embed-core-9.0.21.jar:9.0.21]
	at org.apache.catalina.core.ApplicationFilterChain.doFilter(ApplicationFilterChain.java:166) [tomcat-embed-core-9.0.21.jar:9.0.21]
	at org.springframework.web.filter.CharacterEncodingFilter.doFilterInternal(CharacterEncodingFilter.java:200) [spring-web-5.1.8.RELEASE.jar:5.1.8.RELEASE]
	at org.springframework.web.filter.OncePerRequestFilter.doFilter(OncePerRequestFilter.java:109) [spring-web-5.1.8.RELEASE.jar:5.1.8.RELEASE]
	at org.apache.catalina.core.ApplicationFilterChain.internalDoFilter(ApplicationFilterChain.java:193) [tomcat-embed-core-9.0.21.jar:9.0.21]
	at org.apache.catalina.core.ApplicationFilterChain.doFilter(ApplicationFilterChain.java:166) [tomcat-embed-core-9.0.21.jar:9.0.21]
	at org.apache.catalina.core.StandardWrapperValve.invoke(StandardWrapperValve.java:202) [tomcat-embed-core-9.0.21.jar:9.0.21]
	at org.apache.catalina.core.StandardContextValve.invoke(StandardContextValve.java:96) [tomcat-embed-core-9.0.21.jar:9.0.21]
	at org.apache.catalina.authenticator.AuthenticatorBase.invoke(AuthenticatorBase.java:490) [tomcat-embed-core-9.0.21.jar:9.0.21]
	at org.apache.catalina.core.StandardHostValve.invoke(StandardHostValve.java:139) [tomcat-embed-core-9.0.21.jar:9.0.21]
	at org.apache.catalina.valves.ErrorReportValve.invoke(ErrorReportValve.java:92) [tomcat-embed-core-9.0.21.jar:9.0.21]
	at org.apache.catalina.core.StandardEngineValve.invoke(StandardEngineValve.java:74) [tomcat-embed-core-9.0.21.jar:9.0.21]
	at org.apache.catalina.connector.CoyoteAdapter.service(CoyoteAdapter.java:343) [tomcat-embed-core-9.0.21.jar:9.0.21]
	at org.apache.coyote.http11.Http11Processor.service(Http11Processor.java:408) [tomcat-embed-core-9.0.21.jar:9.0.21]
	at org.apache.coyote.AbstractProcessorLight.process(AbstractProcessorLight.java:66) [tomcat-embed-core-9.0.21.jar:9.0.21]
	at org.apache.coyote.AbstractProtocol$ConnectionHandler.process(AbstractProtocol.java:853) [tomcat-embed-core-9.0.21.jar:9.0.21]
	at org.apache.tomcat.util.net.NioEndpoint$SocketProcessor.doRun(NioEndpoint.java:1587) [tomcat-embed-core-9.0.21.jar:9.0.21]
	at org.apache.tomcat.util.net.SocketProcessorBase.run(SocketProcessorBase.java:49) [tomcat-embed-core-9.0.21.jar:9.0.21]
	at java.util.concurrent.ThreadPoolExecutor.runWorker(ThreadPoolExecutor.java:1149) [na:1.8.0_241]
	at java.util.concurrent.ThreadPoolExecutor$Worker.run(ThreadPoolExecutor.java:624) [na:1.8.0_241]
	at org.apache.tomcat.util.threads.TaskThread$WrappingRunnable.run(TaskThread.java:61) [tomcat-embed-core-9.0.21.jar:9.0.21]
	at java.lang.Thread.run(Thread.java:748) [na:1.8.0_241]

2020-04-07 15:19:55.046 DEBUG 888 --- [o-auto-1-exec-5] o.s.s.w.a.ExceptionTranslationFilter     : Calling Authentication entry point.
2020-04-07 15:19:55.046 DEBUG 888 --- [o-auto-1-exec-5] o.s.s.w.a.Http403ForbiddenEntryPoint     : Pre-authenticated entry point called. Rejecting access
2020-04-07 15:19:55.046 DEBUG 888 --- [o-auto-1-exec-5] o.s.s.w.header.writers.HstsHeaderWriter  : Not injecting HSTS header since it did not match the requestMatcher org.springframework.security.web.header.writers.HstsHeaderWriter$SecureRequestMatcher@9668350
2020-04-07 15:19:55.047 DEBUG 888 --- [o-auto-1-exec-5] s.s.w.c.SecurityContextPersistenceFilter : SecurityContextHolder now cleared, as request processing completed
2020-04-07 15:19:55.047 DEBUG 888 --- [o-auto-1-exec-5] o.s.security.web.FilterChainProxy        : /error at position 1 of 11 in additional filter chain; firing Filter: 'WebAsyncManagerIntegrationFilter'
2020-04-07 15:19:55.048 DEBUG 888 --- [o-auto-1-exec-5] o.s.security.web.FilterChainProxy        : /error at position 2 of 11 in additional filter chain; firing Filter: 'SecurityContextPersistenceFilter'
2020-04-07 15:19:55.048 DEBUG 888 --- [o-auto-1-exec-5] o.s.security.web.FilterChainProxy        : /error at position 3 of 11 in additional filter chain; firing Filter: 'HeaderWriterFilter'
2020-04-07 15:19:55.048 DEBUG 888 --- [o-auto-1-exec-5] o.s.security.web.FilterChainProxy        : /error at position 4 of 11 in additional filter chain; firing Filter: 'LogoutFilter'
2020-04-07 15:19:55.048 DEBUG 888 --- [o-auto-1-exec-5] o.s.s.web.util.matcher.OrRequestMatcher  : Trying to match using Ant [pattern='/auth/logout', GET]
2020-04-07 15:19:55.048 DEBUG 888 --- [o-auto-1-exec-5] o.s.s.w.u.matcher.AntPathRequestMatcher  : Request 'POST /error' doesn't match 'GET /auth/logout'
2020-04-07 15:19:55.048 DEBUG 888 --- [o-auto-1-exec-5] o.s.s.web.util.matcher.OrRequestMatcher  : Trying to match using Ant [pattern='/auth/logout', POST]
2020-04-07 15:19:55.049 DEBUG 888 --- [o-auto-1-exec-5] o.s.s.w.u.matcher.AntPathRequestMatcher  : Checking match of request : '/error'; against '/auth/logout'
2020-04-07 15:19:55.049 DEBUG 888 --- [o-auto-1-exec-5] o.s.s.web.util.matcher.OrRequestMatcher  : Trying to match using Ant [pattern='/auth/logout', PUT]
2020-04-07 15:19:55.049 DEBUG 888 --- [o-auto-1-exec-5] o.s.s.w.u.matcher.AntPathRequestMatcher  : Request 'POST /error' doesn't match 'PUT /auth/logout'
2020-04-07 15:19:55.049 DEBUG 888 --- [o-auto-1-exec-5] o.s.s.web.util.matcher.OrRequestMatcher  : Trying to match using Ant [pattern='/auth/logout', DELETE]
2020-04-07 15:19:55.049 DEBUG 888 --- [o-auto-1-exec-5] o.s.s.w.u.matcher.AntPathRequestMatcher  : Request 'POST /error' doesn't match 'DELETE /auth/logout'
2020-04-07 15:19:55.050 DEBUG 888 --- [o-auto-1-exec-5] o.s.s.web.util.matcher.OrRequestMatcher  : No matches found
2020-04-07 15:19:55.051 DEBUG 888 --- [o-auto-1-exec-5] o.s.security.web.FilterChainProxy        : /error at position 5 of 11 in additional filter chain; firing Filter: 'JwtTokenAuthenticationFilter'
2020-04-07 15:19:55.051 DEBUG 888 --- [o-auto-1-exec-5] o.s.security.web.FilterChainProxy        : /error at position 6 of 11 in additional filter chain; firing Filter: 'RequestCacheAwareFilter'
2020-04-07 15:19:55.051 DEBUG 888 --- [o-auto-1-exec-5] o.s.security.web.FilterChainProxy        : /error at position 7 of 11 in additional filter chain; firing Filter: 'SecurityContextHolderAwareRequestFilter'
2020-04-07 15:19:55.052 DEBUG 888 --- [o-auto-1-exec-5] o.s.security.web.FilterChainProxy        : /error at position 8 of 11 in additional filter chain; firing Filter: 'AnonymousAuthenticationFilter'
2020-04-07 15:19:55.052 DEBUG 888 --- [o-auto-1-exec-5] o.s.s.w.a.AnonymousAuthenticationFilter  : Populated SecurityContextHolder with anonymous token: 'org.springframework.security.authentication.AnonymousAuthenticationToken@c58a63dd: Principal: anonymousUser; Credentials: [PROTECTED]; Authenticated: true; Details: org.springframework.security.web.authentication.WebAuthenticationDetails@957e: RemoteIpAddress: 127.0.0.1; SessionId: null; Granted Authorities: ROLE_ANONYMOUS'
2020-04-07 15:19:55.053 DEBUG 888 --- [o-auto-1-exec-5] o.s.security.web.FilterChainProxy        : /error at position 9 of 11 in additional filter chain; firing Filter: 'SessionManagementFilter'
2020-04-07 15:19:55.053 DEBUG 888 --- [o-auto-1-exec-5] o.s.security.web.FilterChainProxy        : /error at position 10 of 11 in additional filter chain; firing Filter: 'ExceptionTranslationFilter'
2020-04-07 15:19:55.054 DEBUG 888 --- [o-auto-1-exec-5] o.s.security.web.FilterChainProxy        : /error at position 11 of 11 in additional filter chain; firing Filter: 'FilterSecurityInterceptor'
2020-04-07 15:19:55.054 DEBUG 888 --- [o-auto-1-exec-5] o.s.security.web.FilterChainProxy        : /error reached end of additional filter chain; proceeding with original chain
2020-04-07 15:19:55.061 DEBUG 888 --- [o-auto-1-exec-5] o.s.s.w.a.ExceptionTranslationFilter     : Chain processed normally
2020-04-07 15:19:55.062 DEBUG 888 --- [o-auto-1-exec-5] s.s.w.c.SecurityContextPersistenceFilter : SecurityContextHolder now cleared, as request processing completed
]]></system-out>
  </testcase>
  <testcase name="testSaveWithInvalidAuth" classname="com.example.demo.IntegrationTests" time="0">
    <skipped/>
  </testcase>
  <testcase name="getAllVehicles" classname="com.example.demo.IntegrationTests" time="0.08"/>
</testsuite>